<?xml version="1.0" encoding="UTF-8"?>
<!-- Generated by org.testng.reporters.JUnitReportReporter -->
<testsuite skipped="0" hostname="WKWIN1816598" name="com.apas.Tests.LoginTest" tests="1" failures="0" timestamp="16 Sep 2019 08:24:59 GMT" time="46.902" errors="0">
  <testcase name="verifySalesForceLogin" time="46.902" classname="com.apas.Tests.LoginTest"/>
</testsuite> <!-- com.apas.Tests.LoginTest -->
