<?xml version="1.0" encoding="UTF-8"?>
<!-- Generated by org.testng.reporters.JUnitReportReporter -->
<testsuite skipped="0" hostname="WKWIN1816598" name="com.apas.Tests.AccountsTest" tests="1" failures="0" timestamp="16 Sep 2019 08:24:59 GMT" time="88.510" errors="0">
  <testcase name="verifySalesForceAccountCreation" time="88.510" classname="com.apas.Tests.AccountsTest"/>
</testsuite> <!-- com.apas.Tests.AccountsTest -->
